tau_m [s] values calculated with fast and slow motions
Average: 9.838389e-09
Std Dev: 9.255736e-10

residue 1 = nan
residue 2 = 1.029292e-08
residue 3 = nan
residue 4 = 8.932292e-09
residue 5 = 9.244637e-09
residue 6 = 9.729492e-09
residue 7 = 9.896473e-09
residue 8 = 9.310532e-09
residue 9 = 9.895667e-09
residue 10 = 1.144278e-08
residue 11 = 9.427363e-09
residue 12 = 9.034864e-09
residue 13 = 9.045253e-09
residue 14 = 1.067897e-08
residue 15 = 1.079734e-08
residue 16 = 9.801440e-09
residue 17 = 9.895867e-09
residue 18 = 1.066082e-08
residue 19 = 1.023020e-08
residue 20 = 8.887756e-09
residue 21 = 8.851032e-09
residue 22 = 1.066738e-08
residue 23 = 9.962928e-09
residue 24 = 9.031279e-09
residue 25 = 1.106855e-08
residue 26 = 1.115994e-08
residue 27 = 9.169854e-09
residue 28 = 1.062647e-08
residue 29 = nan
residue 30 = 9.769611e-09
residue 31 = 9.084572e-09
residue 32 = 1.019804e-08
residue 33 = 1.060066e-08
residue 34 = 1.121105e-08
residue 35 = nan
residue 36 = nan
residue 37 = 1.015930e-08
residue 38 = 9.592089e-09
residue 39 = 8.881347e-09
residue 40 = nan
residue 41 = 1.020398e-08
residue 42 = 9.295442e-09
residue 43 = 8.642370e-09
residue 44 = 9.422221e-09
residue 45 = 8.653553e-09
residue 46 = nan
residue 47 = 1.024959e-08
residue 48 = 7.330163e-09
residue 49 = 8.991998e-09
residue 50 = nan
residue 51 = nan
residue 52 = 9.393871e-09
residue 53 = 9.765361e-09
residue 54 = 9.630497e-09
residue 55 = 9.420075e-09
residue 56 = 9.560770e-09
residue 57 = 1.045214e-08
residue 58 = 9.958526e-09
residue 59 = 9.426232e-09
residue 60 = 9.881877e-09
residue 61 = 7.234765e-09
residue 62 = 1.108965e-08
residue 63 = 1.061311e-08
residue 64 = 1.159565e-08
residue 65 = 1.036754e-08
residue 66 = 9.645462e-09
residue 67 = 9.495179e-09
residue 68 = 1.010602e-08
residue 69 = 1.207580e-08
residue 70 = 9.250501e-09
residue 71 = 9.706062e-09
residue 72 = nan
residue 73 = 9.646775e-09
residue 74 = 1.003160e-08
residue 75 = nan
residue 76 = 8.714475e-09
residue 77 = 1.100634e-08
residue 78 = nan
residue 79 = 1.004563e-08
residue 80 = 9.760573e-09
residue 81 = 1.270024e-08
residue 82 = 1.144928e-08
residue 83 = 1.034362e-08
residue 84 = 1.126888e-08
residue 85 = 1.230322e-08
residue 86 = 9.543191e-09
residue 87 = nan
residue 88 = 1.006586e-08
residue 89 = 9.782399e-09
residue 90 = 9.876383e-09
residue 91 = nan
residue 92 = 8.938606e-09
residue 93 = 8.847383e-09
residue 94 = 9.766315e-09
residue 95 = 9.177467e-09
residue 96 = 9.618566e-09
residue 97 = 1.101673e-08
residue 98 = 9.663452e-09
residue 99 = 1.117639e-08
residue 100 = 9.434122e-09
residue 101 = 1.179119e-08
residue 102 = 1.067690e-08
residue 103 = 9.584578e-09
residue 104 = 9.277757e-09
residue 105 = 8.179445e-09
residue 106 = 7.398329e-09
residue 107 = 9.358729e-09
residue 108 = 9.854399e-09
residue 109 = 9.455405e-09
residue 110 = 9.415992e-09
residue 111 = 9.607705e-09
residue 112 = 9.669448e-09
residue 113 = 9.692172e-09
residue 114 = nan
residue 115 = 7.868523e-09
residue 116 = 8.894983e-09
residue 117 = 9.501483e-09
residue 118 = 9.932463e-09
residue 119 = 9.337719e-09
residue 120 = 9.917666e-09
residue 121 = nan
residue 122 = 9.598703e-09
residue 123 = 1.021509e-08
residue 124 = 1.014928e-08
residue 125 = 9.401079e-09
residue 126 = 9.832621e-09
residue 127 = 9.718657e-09
residue 128 = 9.301082e-09
residue 129 = 9.312715e-09
residue 130 = 1.117493e-08
residue 131 = 9.241065e-09
residue 132 = 9.290109e-09
residue 133 = 1.130272e-08
residue 134 = 9.762093e-09
residue 135 = 9.096518e-09
residue 136 = 1.006560e-08
residue 137 = 1.069324e-08
residue 138 = nan
