tau_m [s] values calculated with fast and slow motions
Average: 9.556322e-09
Std Dev: 4.873815e-09

residue 1 = nan
residue 2 = 9.958783e-09
residue 3 = 1.005977e-08
residue 4 = 9.799139e-09
residue 5 = 9.785555e-09
residue 6 = nan
residue 7 = 1.061615e-08
residue 8 = nan
residue 9 = 1.001320e-08
residue 10 = 1.003275e-08
residue 11 = 9.912738e-09
residue 12 = 9.828134e-09
residue 13 = -1.602093e-08
residue 14 = 9.849674e-09
residue 15 = 9.791194e-09
residue 16 = 9.974141e-09
residue 17 = nan
residue 18 = 1.000163e-08
residue 19 = 1.097080e-08
residue 20 = 1.055222e-08
residue 21 = 9.866511e-09
residue 22 = 9.445197e-09
residue 23 = 1.012534e-08
residue 24 = 9.769230e-09
residue 25 = 9.594410e-09
residue 26 = 1.023653e-08
residue 27 = 9.308069e-09
residue 28 = 9.114695e-09
residue 29 = nan
residue 30 = nan
residue 31 = 1.241371e-08
residue 32 = 9.171974e-09
residue 33 = 1.117749e-08
residue 34 = 9.056614e-09
residue 35 = 9.177381e-09
residue 36 = 1.098030e-08
residue 37 = 1.041541e-08
residue 38 = nan
residue 39 = 1.009159e-08
residue 40 = nan
residue 41 = 9.758617e-09
residue 42 = 9.738792e-09
residue 43 = 8.928050e-09
residue 44 = 1.083100e-08
residue 45 = 1.036434e-08
residue 46 = nan
residue 47 = nan
residue 48 = 1.001375e-08
residue 49 = nan
residue 50 = 1.131213e-08
residue 51 = 1.017265e-08
residue 52 = 1.018235e-08
residue 53 = 1.029425e-08
residue 54 = 1.079342e-08
residue 55 = -2.518059e-08
residue 56 = 1.066175e-08
residue 57 = 1.036986e-08
residue 58 = 1.108873e-08
residue 59 = 1.050787e-08
residue 60 = 1.072800e-08
residue 61 = nan
residue 62 = 1.122416e-08
residue 63 = 1.060464e-08
residue 64 = -1.688512e-08
residue 65 = nan
residue 66 = nan
residue 67 = 1.050967e-08
residue 68 = 1.138574e-08
residue 69 = 1.030185e-08
residue 70 = 9.356789e-09
residue 71 = 1.046188e-08
residue 72 = nan
residue 73 = 1.044531e-08
residue 74 = 1.047980e-08
residue 75 = nan
residue 76 = 9.308050e-09
residue 77 = 1.113452e-08
residue 78 = nan
residue 79 = 1.113332e-08
residue 80 = 7.558869e-09
residue 81 = 1.062882e-08
residue 82 = 1.169773e-08
residue 83 = 1.207739e-08
residue 84 = 1.097348e-08
residue 85 = 1.151860e-08
residue 86 = 1.130816e-08
residue 87 = 9.588626e-09
residue 88 = 9.620426e-09
residue 89 = 9.145008e-09
residue 90 = 9.761310e-09
residue 91 = 1.046996e-08
residue 92 = 9.420445e-09
residue 93 = 1.011402e-08
residue 94 = 9.268961e-09
residue 95 = 1.068932e-08
residue 96 = 1.070070e-08
residue 97 = 1.001820e-08
residue 98 = 1.035197e-08
residue 99 = 1.075379e-08
residue 100 = nan
residue 101 = 1.071512e-08
residue 102 = 1.111459e-08
residue 103 = 1.164665e-08
residue 104 = 1.008408e-08
residue 105 = 9.229713e-09
residue 106 = 1.129552e-08
residue 107 = 1.079091e-08
residue 108 = nan
residue 109 = 9.363955e-09
residue 110 = 1.188292e-08
residue 111 = 9.056127e-09
residue 112 = 8.971327e-09
residue 113 = 1.074863e-08
residue 114 = nan
residue 115 = 8.585500e-09
residue 116 = nan
residue 117 = nan
residue 118 = 1.128901e-08
residue 119 = 1.061258e-08
residue 120 = 1.052391e-08
residue 121 = nan
residue 122 = 1.151669e-08
residue 123 = 1.091173e-08
residue 124 = 1.110710e-08
residue 125 = 1.083567e-08
residue 126 = 1.148340e-08
residue 127 = 1.138090e-08
residue 128 = 1.045909e-08
residue 129 = 1.127932e-08
residue 130 = 1.115681e-08
residue 131 = 9.163675e-09
residue 132 = 1.106115e-08
residue 133 = 1.086789e-08
residue 134 = nan
residue 135 = 9.978768e-09
residue 136 = 1.095345e-08
residue 137 = 1.211341e-08
residue 138 = 8.480340e-09
